<?xml version="1.0" encoding="UTF-8"?>
<!-- Generated by org.testng.reporters.JUnitXMLReporter -->
<testsuite hostname="LAPTOP-FKGOBKRQ" ignored="0" name="Test" tests="6" failures="0" timestamp="2022-04-26T18:07:31 IST" time="0.028" errors="0">
  <testcase name="closeJira" time="0.003" classname="qaClickAcademy.MavenJava.APITest"/>
  <testcase name="postJira" time="0.001" classname="qaClickAcademy.MavenJava.APITest"/>
  <testcase name="closeBrowser" time="0.0" classname="qaClickAcademy.MavenJava.SeleniumTest"/>
  <testcase name="openBrowser" time="0.0" classname="qaClickAcademy.MavenJava.SeleniumTest"/>
  <testcase name="closeMobile" time="0.001" classname="qaClickAcademy.MavenJava.AppiumTest"/>
  <testcase name="openMobile" time="0.0" classname="qaClickAcademy.MavenJava.AppiumTest"/>
</testsuite> <!-- Test -->
